Username:  rollers
Date:      Fri Dec 7 08:59:30 EST 2018
 
**************************
 Compilation succeeded!   
**************************
*******
Running Combine /home/mathcs/courses/cs225-fall-2018/bets?
*******
Wesley Adam -110
Jay Albert -120
Jay Albert 100
Vicki Beizer -140
Vicki Beizer 160
Hugh Brentano -200
Hugh Brentano -170
Hugh Brentano -110
Hugh Brentano 140
Leo Burns -190
Leo Burns -180
Leo Burns 180
Mason Burns -170
Mason Burns -160
Mason Burns -100
Mason Burns -100
Adam Carson 130
Denise Claycomb 110
Denise Claycomb 130
Denise Claycomb 130
Leroy Demsetz -190
Leroy Demsetz -190
Leroy Demsetz 120
Florence Dicke -170
Florence Dicke 180
Jean Dicke -100
Jean Dicke 140
Malcolm Elmer -200
Malcolm Elmer -170
Malcolm Elmer 190
Garry Ely 120
Lorraine Ferdinando 150
Deborah Francois 120
Edwin Frohlich -170
Edwin Frohlich -160
Neal Ghelardi 120
Donald Giovanni 150
Donald Giovanni 150
Donald Giovanni 190
Hannah Gray 200
Jessica Gruchy -120
Joel Haberler -200
Joel Haberler 120
Alexander Harboe -160
Thomasina Harboe -190
Thomasina Harboe -170
Diane Haynes 120
Diane Haynes 140
Penny Haynes -150
Penny Haynes -130
Adam Heard -100
Adam Heard 130
Adam Heard 160
Jean Heard -170
Jean Heard 150
Frances Herbert -170
Frances Herbert -100
Marie Hilaire -110
Marie Hilaire 150
Mitchell Horace 100
Mitchell Horace 140
Mitchell Horace 140
Mitchell Horace 190
Neil Horace -180
Neil Horace -150
Mason Ijiri 140
Harry Kalecki -170
Harry Kalecki -150
Harry Kalecki 180
Bessie Kosiol 150
John Kulp -120
Viola Lambert -120
Viola Lambert 160
Neil Leslie -170
Neil Leslie -110
Neil Leslie 120
Neil Leslie 170
Neil Leslie 200
Clark Mayer -180
Clark Mayer 150
Gregory Moore -130
Gregory Moore -120
Gregory Moore -120
Nora Moore -170
Nora Moore 130
Margaret Popek 100
Penny Rae -200
Ian Rossell -180
Ian Rossell 110
Ian Rossell 160
Kelly Simon -170
Kelly Simon -160
Constance Uhr -140
Constance Uhr 120
Constance Uhr 180
Constance Uhr 200
Deborah Uhr -180
Bennett Vincent -170
Bennett Vincent -160
Bennett Vincent -100
Leroy Vincent -160
Leroy Vincent 150
*******
Running Combine
*******
