Username:  rollers
Date:      Fri Oct 26 10:54:09 EDT 2018
 
**************************
 Compilation succeeded!   
**************************
short words: 31.876165
short words: 31.560892
short words: 31.465694
long words: 31.465694
long words: 31.560892
long words: 31.876165
words: 31.624198
words: 31.338314
words: 31.781912
short identifiers: 31.497459
short identifiers: 31.433898
short identifiers: 31.370208
long identifiers: 31.687378
long identifiers: 32.126156
long identifiers: 31.274429
identifiers: 31.338314
identifiers: 31.433898
identifiers: 31.844779
average: 30.799799
